# JRE version: Java(TM) SE Runtime Environment (8.0_191-b12) (build 1.8.0_191-b12)
# Java VM: Java HotSpot(TM) 64-Bit Server VM (25.191-b12 mixed mode windows-amd64 compressed oops)
Heap:
 PSYoungGen      total 5103616K, used 3217920K [0x0000000615580000, 0x00000007c0000000, 0x00000007c0000000)
  eden space 3217920K, 100% used [0x0000000615580000,0x00000006d9c00000,0x00000006d9c00000)
  from space 1885696K, 0% used [0x000000074ce80000,0x000000074ce80000,0x00000007c0000000)
  to   space 1886208K, 0% used [0x00000006d9c00000,0x00000006d9c00000,0x000000074ce00000)
 ParOldGen       total 13981184K, used 13981119K [0x00000002c0000000, 0x0000000615580000, 0x0000000615580000)
  object space 13981184K, 99% used [0x00000002c0000000,0x000000061556fe78,0x0000000615580000)
 Metaspace       used 7245K, capacity 7334K, committed 7552K, reserved 1056768K
  class space    used 874K, capacity 885K, committed 896K, reserved 1048576K
GC Heap History (10 events):
Event: 10.844 GC heap after
Heap after GC invocations=35 (full 13):
 PSYoungGen      total 5103616K, used 0K [0x0000000615580000, 0x00000007c0000000, 0x00000007c0000000)
  eden space 3217920K, 0% used [0x0000000615580000,0x0000000615580000,0x00000006d9c00000)
  from space 1885696K, 0% used [0x000000074ce80000,0x000000074ce80000,0x00000007c0000000)
  to   space 1886208K, 0% used [0x00000006d9c00000,0x00000006d9c00000,0x000000074ce00000)
 ParOldGen       total 13981184K, used 13657773K [0x00000002c0000000, 0x0000000615580000, 0x0000000615580000)
  object space 13981184K, 97% used [0x00000002c0000000,0x00000006019ab640,0x0000000615580000)
 Metaspace       used 7245K, capacity 7334K, committed 7552K, reserved 1056768K
  class space    used 874K, capacity 885K, committed 896K, reserved 1048576K
}
Event: 11.080 GC heap before
{Heap before GC invocations=36 (full 14):
 PSYoungGen      total 5103616K, used 3217920K [0x0000000615580000, 0x00000007c0000000, 0x00000007c0000000)
  eden space 3217920K, 100% used [0x0000000615580000,0x00000006d9c00000,0x00000006d9c00000)
  from space 1885696K, 0% used [0x000000074ce80000,0x000000074ce80000,0x00000007c0000000)
  to   space 1886208K, 0% used [0x00000006d9c00000,0x00000006d9c00000,0x000000074ce00000)
 ParOldGen       total 13981184K, used 13657773K [0x00000002c0000000, 0x0000000615580000, 0x0000000615580000)
  object space 13981184K, 97% used [0x00000002c0000000,0x00000006019ab640,0x0000000615580000)
 Metaspace       used 7245K, capacity 7334K, committed 7552K, reserved 1056768K
  class space    used 874K, capacity 885K, committed 896K, reserved 1048576K
Event: 11.782 GC heap after
Heap after GC invocations=36 (full 14):
 PSYoungGen      total 5103616K, used 815997K [0x0000000615580000, 0x00000007c0000000, 0x00000007c0000000)
  eden space 3217920K, 25% used [0x0000000615580000,0x000000064725f418,0x00000006d9c00000)
  from space 1885696K, 0% used [0x000000074ce80000,0x000000074ce80000,0x00000007c0000000)
  to   space 1886208K, 0% used [0x00000006d9c00000,0x00000006d9c00000,0x000000074ce00000)
 ParOldGen       total 13981184K, used 13981119K [0x00000002c0000000, 0x0000000615580000, 0x0000000615580000)
  object space 13981184K, 99% used [0x00000002c0000000,0x000000061556fe78,0x0000000615580000)
 Metaspace       used 7245K, capacity 7334K, committed 7552K, reserved 1056768K
  class space    used 874K, capacity 885K, committed 896K, reserved 1048576K
}
Event: 11.958 GC heap before
{Heap before GC invocations=37 (full 15):
 PSYoungGen      total 5103616K, used 3217920K [0x0000000615580000, 0x00000007c0000000, 0x00000007c0000000)
  eden space 3217920K, 100% used [0x0000000615580000,0x00000006d9c00000,0x00000006d9c00000)
  from space 1885696K, 0% used [0x000000074ce80000,0x000000074ce80000,0x00000007c0000000)
  to   space 1886208K, 0% used [0x00000006d9c00000,0x00000006d9c00000,0x000000074ce00000)
 ParOldGen       total 13981184K, used 13981119K [0x00000002c0000000, 0x0000000615580000, 0x0000000615580000)
  object space 13981184K, 99% used [0x00000002c0000000,0x000000061556fe78,0x0000000615580000)
 Metaspace       used 7245K, capacity 7334K, committed 7552K, reserved 1056768K
  class space    used 874K, capacity 885K, committed 896K, reserved 1048576K
Event: 12.266 GC heap after
Heap after GC invocations=37 (full 15):
 PSYoungGen      total 5103616K, used 1666530K [0x0000000615580000, 0x00000007c0000000, 0x00000007c0000000)
  eden space 3217920K, 51% used [0x0000000615580000,0x000000067b0f8b80,0x00000006d9c00000)
  from space 1885696K, 0% used [0x000000074ce80000,0x000000074ce80000,0x00000007c0000000)
  to   space 1886208K, 0% used [0x00000006d9c00000,0x00000006d9c00000,0x000000074ce00000)
 ParOldGen       total 13981184K, used 13981119K [0x00000002c0000000, 0x0000000615580000, 0x0000000615580000)
  object space 13981184K, 99% used [0x00000002c0000000,0x000000061556fe78,0x0000000615580000)
 Metaspace       used 7245K, capacity 7334K, committed 7552K, reserved 1056768K
  class space    used 874K, capacity 885K, committed 896K, reserved 1048576K
}
Event: 12.380 GC heap before
{Heap before GC invocations=38 (full 16):
 PSYoungGen      total 5103616K, used 3217920K [0x0000000615580000, 0x00000007c0000000, 0x00000007c0000000)
  eden space 3217920K, 100% used [0x0000000615580000,0x00000006d9c00000,0x00000006d9c00000)
  from space 1885696K, 0% used [0x000000074ce80000,0x000000074ce80000,0x00000007c0000000)
  to   space 1886208K, 0% used [0x00000006d9c00000,0x00000006d9c00000,0x000000074ce00000)
 ParOldGen       total 13981184K, used 13981119K [0x00000002c0000000, 0x0000000615580000, 0x0000000615580000)
  object space 13981184K, 99% used [0x00000002c0000000,0x000000061556fe78,0x0000000615580000)
 Metaspace       used 7245K, capacity 7334K, committed 7552K, reserved 1056768K
  class space    used 874K, capacity 885K, committed 896K, reserved 1048576K
Event: 12.664 GC heap after
Heap after GC invocations=38 (full 16):
 PSYoungGen      total 5103616K, used 2215867K [0x0000000615580000, 0x00000007c0000000, 0x00000007c0000000)
  eden space 3217920K, 68% used [0x0000000615580000,0x000000069c96efc8,0x00000006d9c00000)
  from space 1885696K, 0% used [0x000000074ce80000,0x000000074ce80000,0x00000007c0000000)
  to   space 1886208K, 0% used [0x00000006d9c00000,0x00000006d9c00000,0x000000074ce00000)
 ParOldGen       total 13981184K, used 13981119K [0x00000002c0000000, 0x0000000615580000, 0x0000000615580000)
  object space 13981184K, 99% used [0x00000002c0000000,0x000000061556fe78,0x0000000615580000)
 Metaspace       used 7245K, capacity 7334K, committed 7552K, reserved 1056768K
  class space    used 874K, capacity 885K, committed 896K, reserved 1048576K
}
Event: 12.737 GC heap before
{Heap before GC invocations=39 (full 17):
 PSYoungGen      total 5103616K, used 3217920K [0x0000000615580000, 0x00000007c0000000, 0x00000007c0000000)
  eden space 3217920K, 100% used [0x0000000615580000,0x00000006d9c00000,0x00000006d9c00000)
  from space 1885696K, 0% used [0x000000074ce80000,0x000000074ce80000,0x00000007c0000000)
  to   space 1886208K, 0% used [0x00000006d9c00000,0x00000006d9c00000,0x000000074ce00000)
 ParOldGen       total 13981184K, used 13981119K [0x00000002c0000000, 0x0000000615580000, 0x0000000615580000)
  object space 13981184K, 99% used [0x00000002c0000000,0x000000061556fe78,0x0000000615580000)
 Metaspace       used 7245K, capacity 7334K, committed 7552K, reserved 1056768K
  class space    used 874K, capacity 885K, committed 896K, reserved 1048576K
Event: 13.000 GC heap after
Heap after GC invocations=39 (full 17):
 PSYoungGen      total 5103616K, used 2570660K [0x0000000615580000, 0x00000007c0000000, 0x00000007c0000000)
  eden space 3217920K, 79% used [0x0000000615580000,0x00000006b23e92c8,0x00000006d9c00000)
  from space 1885696K, 0% used [0x000000074ce80000,0x000000074ce80000,0x00000007c0000000)
  to   space 1886208K, 0% used [0x00000006d9c00000,0x00000006d9c00000,0x000000074ce00000)
 ParOldGen       total 13981184K, used 13981119K [0x00000002c0000000, 0x0000000615580000, 0x0000000615580000)
  object space 13981184K, 99% used [0x00000002c0000000,0x000000061556fe78,0x0000000615580000)
 Metaspace       used 7245K, capacity 7334K, committed 7552K, reserved 1056768K
  class space    used 874K, capacity 885K, committed 896K, reserved 1048576K
}
Event: 13.046 GC heap before
{Heap before GC invocations=40 (full 18):
 PSYoungGen      total 5103616K, used 3217920K [0x0000000615580000, 0x00000007c0000000, 0x00000007c0000000)
  eden space 3217920K, 100% used [0x0000000615580000,0x00000006d9c00000,0x00000006d9c00000)
  from space 1885696K, 0% used [0x000000074ce80000,0x000000074ce80000,0x00000007c0000000)
  to   space 1886208K, 0% used [0x00000006d9c00000,0x00000006d9c00000,0x000000074ce00000)
 ParOldGen       total 13981184K, used 13981119K [0x00000002c0000000, 0x0000000615580000, 0x0000000615580000)
  object space 13981184K, 99% used [0x00000002c0000000,0x000000061556fe78,0x0000000615580000)
 Metaspace       used 7245K, capacity 7334K, committed 7552K, reserved 1056768K
  class space    used 874K, capacity 885K, committed 896K, reserved 1048576K

