# JRE version: Java(TM) SE Runtime Environment (8.0_191-b12) (build 1.8.0_191-b12)
# Java VM: Java HotSpot(TM) 64-Bit Server VM (25.191-b12 mixed mode windows-amd64 compressed oops)
Heap:
 PSYoungGen      total 5741568K, used 1700349K [0x00000005aab00000, 0x00000007c0000000, 0x00000007c0000000)
  eden space 4041216K, 0% used [0x00000005aab00000,0x00000005aab00000,0x00000006a1580000)
  from space 1700352K, 99% used [0x00000006a1580000,0x00000007091ff568,0x0000000709200000)
  to   space 2232320K, 0% used [0x0000000737c00000,0x0000000737c00000,0x00000007c0000000)
 ParOldGen       total 7519744K, used 7075064K [0x0000000180000000, 0x000000034af80000, 0x00000005aab00000)
  object space 7519744K, 94% used [0x0000000180000000,0x000000032fd3e0e0,0x000000034af80000)
 Metaspace       used 8645K, capacity 8848K, committed 9088K, reserved 1056768K
  class space    used 1038K, capacity 1112K, committed 1152K, reserved 1048576K
GC Heap History (10 events):
Event: 4.945 GC heap after
Heap after GC invocations=24 (full 8):
 PSYoungGen      total 4528640K, used 505661K [0x00000005aab00000, 0x0000000718c80000, 0x00000007c0000000)
  eden space 3432960K, 0% used [0x00000005aab00000,0x00000005aab00000,0x000000067c380000)
  from space 1095680K, 46% used [0x00000006c5b00000,0x00000006e48cf548,0x0000000708900000)
  to   space 1203712K, 0% used [0x000000067c380000,0x000000067c380000,0x00000006c5b00000)
 ParOldGen       total 6135808K, used 4891847K [0x0000000180000000, 0x00000002f6800000, 0x00000005aab00000)
  object space 6135808K, 79% used [0x0000000180000000,0x00000002aa931fa0,0x00000002f6800000)
 Metaspace       used 8645K, capacity 8848K, committed 9088K, reserved 1056768K
  class space    used 1038K, capacity 1112K, committed 1152K, reserved 1048576K
}
Event: 5.239 GC heap before
{Heap before GC invocations=25 (full 8):
 PSYoungGen      total 4528640K, used 3938621K [0x00000005aab00000, 0x0000000718c80000, 0x00000007c0000000)
  eden space 3432960K, 100% used [0x00000005aab00000,0x000000067c380000,0x000000067c380000)
  from space 1095680K, 46% used [0x00000006c5b00000,0x00000006e48cf548,0x0000000708900000)
  to   space 1203712K, 0% used [0x000000067c380000,0x000000067c380000,0x00000006c5b00000)
 ParOldGen       total 6135808K, used 4891847K [0x0000000180000000, 0x00000002f6800000, 0x00000005aab00000)
  object space 6135808K, 79% used [0x0000000180000000,0x00000002aa931fa0,0x00000002f6800000)
 Metaspace       used 8645K, capacity 8848K, committed 9088K, reserved 1056768K
  class space    used 1038K, capacity 1112K, committed 1152K, reserved 1048576K
Event: 5.448 GC heap after
Heap after GC invocations=25 (full 8):
 PSYoungGen      total 4636672K, used 1203680K [0x00000005aab00000, 0x000000076b380000, 0x00000007c0000000)
  eden space 3432960K, 0% used [0x00000005aab00000,0x00000005aab00000,0x000000067c380000)
  from space 1203712K, 99% used [0x000000067c380000,0x00000006c5af8020,0x00000006c5b00000)
  to   space 1586688K, 0% used [0x000000070a600000,0x000000070a600000,0x000000076b380000)
 ParOldGen       total 6135808K, used 5444693K [0x0000000180000000, 0x00000002f6800000, 0x00000005aab00000)
  object space 6135808K, 88% used [0x0000000180000000,0x00000002cc515518,0x00000002f6800000)
 Metaspace       used 8645K, capacity 8848K, committed 9088K, reserved 1056768K
  class space    used 1038K, capacity 1112K, committed 1152K, reserved 1048576K
}
Event: 5.448 GC heap before
{Heap before GC invocations=26 (full 9):
 PSYoungGen      total 4636672K, used 1203680K [0x00000005aab00000, 0x000000076b380000, 0x00000007c0000000)
  eden space 3432960K, 0% used [0x00000005aab00000,0x00000005aab00000,0x000000067c380000)
  from space 1203712K, 99% used [0x000000067c380000,0x00000006c5af8020,0x00000006c5b00000)
  to   space 1586688K, 0% used [0x000000070a600000,0x000000070a600000,0x000000076b380000)
 ParOldGen       total 6135808K, used 5444693K [0x0000000180000000, 0x00000002f6800000, 0x00000005aab00000)
  object space 6135808K, 88% used [0x0000000180000000,0x00000002cc515518,0x00000002f6800000)
 Metaspace       used 8645K, capacity 8848K, committed 9088K, reserved 1056768K
  class space    used 1038K, capacity 1112K, committed 1152K, reserved 1048576K
Event: 6.263 GC heap after
Heap after GC invocations=26 (full 9):
 PSYoungGen      total 4636672K, used 217048K [0x00000005aab00000, 0x000000076b380000, 0x00000007c0000000)
  eden space 3432960K, 0% used [0x00000005aab00000,0x00000005aab00000,0x000000067c380000)
  from space 1203712K, 18% used [0x000000067c380000,0x0000000689776218,0x00000006c5b00000)
  to   space 1586688K, 0% used [0x000000070a600000,0x000000070a600000,0x000000076b380000)
 ParOldGen       total 7519744K, used 6135572K [0x0000000180000000, 0x000000034af80000, 0x00000005aab00000)
  object space 7519744K, 81% used [0x0000000180000000,0x00000002f67c50c8,0x000000034af80000)
 Metaspace       used 8645K, capacity 8848K, committed 9088K, reserved 1056768K
  class space    used 1038K, capacity 1112K, committed 1152K, reserved 1048576K
}
Event: 6.639 GC heap before
{Heap before GC invocations=27 (full 9):
 PSYoungGen      total 4636672K, used 3650008K [0x00000005aab00000, 0x000000076b380000, 0x00000007c0000000)
  eden space 3432960K, 100% used [0x00000005aab00000,0x000000067c380000,0x000000067c380000)
  from space 1203712K, 18% used [0x000000067c380000,0x0000000689776218,0x00000006c5b00000)
  to   space 1586688K, 0% used [0x000000070a600000,0x000000070a600000,0x000000076b380000)
 ParOldGen       total 7519744K, used 6135572K [0x0000000180000000, 0x000000034af80000, 0x00000005aab00000)
  object space 7519744K, 81% used [0x0000000180000000,0x00000002f67c50c8,0x000000034af80000)
 Metaspace       used 8645K, capacity 8848K, committed 9088K, reserved 1056768K
  class space    used 1038K, capacity 1112K, committed 1152K, reserved 1048576K
Event: 6.848 GC heap after
Heap after GC invocations=27 (full 9):
 PSYoungGen      total 5627904K, used 1222045K [0x00000005aab00000, 0x0000000770e80000, 0x00000007c0000000)
  eden space 4041216K, 0% used [0x00000005aab00000,0x00000005aab00000,0x00000006a1580000)
  from space 1586688K, 77% used [0x000000070a600000,0x0000000754f67568,0x000000076b380000)
  to   space 1700352K, 0% used [0x00000006a1580000,0x00000006a1580000,0x0000000709200000)
 ParOldGen       total 7519744K, used 6352681K [0x0000000180000000, 0x000000034af80000, 0x00000005aab00000)
  object space 7519744K, 84% used [0x0000000180000000,0x0000000303bca698,0x000000034af80000)
 Metaspace       used 8645K, capacity 8848K, committed 9088K, reserved 1056768K
  class space    used 1038K, capacity 1112K, committed 1152K, reserved 1048576K
}
Event: 7.191 GC heap before
{Heap before GC invocations=28 (full 9):
 PSYoungGen      total 5627904K, used 5263261K [0x00000005aab00000, 0x0000000770e80000, 0x00000007c0000000)
  eden space 4041216K, 100% used [0x00000005aab00000,0x00000006a1580000,0x00000006a1580000)
  from space 1586688K, 77% used [0x000000070a600000,0x0000000754f67568,0x000000076b380000)
  to   space 1700352K, 0% used [0x00000006a1580000,0x00000006a1580000,0x0000000709200000)
 ParOldGen       total 7519744K, used 6352681K [0x0000000180000000, 0x000000034af80000, 0x00000005aab00000)
  object space 7519744K, 84% used [0x0000000180000000,0x0000000303bca698,0x000000034af80000)
 Metaspace       used 8645K, capacity 8848K, committed 9088K, reserved 1056768K
  class space    used 1038K, capacity 1112K, committed 1152K, reserved 1048576K
Event: 7.471 GC heap after
Heap after GC invocations=28 (full 9):
 PSYoungGen      total 5741568K, used 1700349K [0x00000005aab00000, 0x00000007c0000000, 0x00000007c0000000)
  eden space 4041216K, 0% used [0x00000005aab00000,0x00000005aab00000,0x00000006a1580000)
  from space 1700352K, 99% used [0x00000006a1580000,0x00000007091ff568,0x0000000709200000)
  to   space 2232320K, 0% used [0x0000000737c00000,0x0000000737c00000,0x00000007c0000000)
 ParOldGen       total 7519744K, used 7075064K [0x0000000180000000, 0x000000034af80000, 0x00000005aab00000)
  object space 7519744K, 94% used [0x0000000180000000,0x000000032fd3e0e0,0x000000034af80000)
 Metaspace       used 8645K, capacity 8848K, committed 9088K, reserved 1056768K
  class space    used 1038K, capacity 1112K, committed 1152K, reserved 1048576K
}
Event: 7.471 GC heap before
{Heap before GC invocations=29 (full 10):
 PSYoungGen      total 5741568K, used 1700349K [0x00000005aab00000, 0x00000007c0000000, 0x00000007c0000000)
  eden space 4041216K, 0% used [0x00000005aab00000,0x00000005aab00000,0x00000006a1580000)
  from space 1700352K, 99% used [0x00000006a1580000,0x00000007091ff568,0x0000000709200000)
  to   space 2232320K, 0% used [0x0000000737c00000,0x0000000737c00000,0x00000007c0000000)
 ParOldGen       total 7519744K, used 7075064K [0x0000000180000000, 0x000000034af80000, 0x00000005aab00000)
  object space 7519744K, 94% used [0x0000000180000000,0x000000032fd3e0e0,0x000000034af80000)
 Metaspace       used 8645K, capacity 8848K, committed 9088K, reserved 1056768K
  class space    used 1038K, capacity 1112K, committed 1152K, reserved 1048576K

