# JRE version: Java(TM) SE Runtime Environment (8.0_191-b12) (build 1.8.0_191-b12)
# Java VM: Java HotSpot(TM) 64-Bit Server VM (25.191-b12 mixed mode windows-amd64 compressed oops)
Heap:
 PSYoungGen      total 4525568K, used 3181056K [0x0000000615580000, 0x00000007c0000000, 0x00000007c0000000)
  eden space 3181056K, 100% used [0x0000000615580000,0x00000006d7800000,0x00000006d7800000)
  from space 1344512K, 0% used [0x00000006d7800000,0x00000006d7800000,0x0000000729900000)
  to   space 1977856K, 0% used [0x0000000747480000,0x0000000747480000,0x00000007c0000000)
 ParOldGen       total 13981184K, used 13981142K [0x00000002c0000000, 0x0000000615580000, 0x0000000615580000)
  object space 13981184K, 99% used [0x00000002c0000000,0x0000000615575ac8,0x0000000615580000)
 Metaspace       used 7245K, capacity 7334K, committed 7552K, reserved 1056768K
  class space    used 874K, capacity 885K, committed 896K, reserved 1048576K
GC Heap History (10 events):
Event: 13.367 GC heap after
Heap after GC invocations=41 (full 20):
 PSYoungGen      total 4525568K, used 3147371K [0x0000000615580000, 0x00000007c0000000, 0x00000007c0000000)
  eden space 3181056K, 98% used [0x0000000615580000,0x00000006d571aef0,0x00000006d7800000)
  from space 1344512K, 0% used [0x00000006d7800000,0x00000006d7800000,0x0000000729900000)
  to   space 1977856K, 0% used [0x0000000747480000,0x0000000747480000,0x00000007c0000000)
 ParOldGen       total 13981184K, used 13981142K [0x00000002c0000000, 0x0000000615580000, 0x0000000615580000)
  object space 13981184K, 99% used [0x00000002c0000000,0x0000000615575ac8,0x0000000615580000)
 Metaspace       used 7245K, capacity 7334K, committed 7552K, reserved 1056768K
  class space    used 874K, capacity 885K, committed 896K, reserved 1048576K
}
Event: 13.369 GC heap before
{Heap before GC invocations=42 (full 21):
 PSYoungGen      total 4525568K, used 3181056K [0x0000000615580000, 0x00000007c0000000, 0x00000007c0000000)
  eden space 3181056K, 100% used [0x0000000615580000,0x00000006d7800000,0x00000006d7800000)
  from space 1344512K, 0% used [0x00000006d7800000,0x00000006d7800000,0x0000000729900000)
  to   space 1977856K, 0% used [0x0000000747480000,0x0000000747480000,0x00000007c0000000)
 ParOldGen       total 13981184K, used 13981142K [0x00000002c0000000, 0x0000000615580000, 0x0000000615580000)
  object space 13981184K, 99% used [0x00000002c0000000,0x0000000615575ac8,0x0000000615580000)
 Metaspace       used 7245K, capacity 7334K, committed 7552K, reserved 1056768K
  class space    used 874K, capacity 885K, committed 896K, reserved 1048576K
Event: 13.555 GC heap after
Heap after GC invocations=42 (full 21):
 PSYoungGen      total 4525568K, used 3161573K [0x0000000615580000, 0x00000007c0000000, 0x00000007c0000000)
  eden space 3181056K, 99% used [0x0000000615580000,0x00000006d64f95c8,0x00000006d7800000)
  from space 1344512K, 0% used [0x00000006d7800000,0x00000006d7800000,0x0000000729900000)
  to   space 1977856K, 0% used [0x0000000747480000,0x0000000747480000,0x00000007c0000000)
 ParOldGen       total 13981184K, used 13981142K [0x00000002c0000000, 0x0000000615580000, 0x0000000615580000)
  object space 13981184K, 99% used [0x00000002c0000000,0x0000000615575ac8,0x0000000615580000)
 Metaspace       used 7245K, capacity 7334K, committed 7552K, reserved 1056768K
  class space    used 874K, capacity 885K, committed 896K, reserved 1048576K
}
Event: 13.557 GC heap before
{Heap before GC invocations=43 (full 22):
 PSYoungGen      total 4525568K, used 3181056K [0x0000000615580000, 0x00000007c0000000, 0x00000007c0000000)
  eden space 3181056K, 100% used [0x0000000615580000,0x00000006d7800000,0x00000006d7800000)
  from space 1344512K, 0% used [0x00000006d7800000,0x00000006d7800000,0x0000000729900000)
  to   space 1977856K, 0% used [0x0000000747480000,0x0000000747480000,0x00000007c0000000)
 ParOldGen       total 13981184K, used 13981142K [0x00000002c0000000, 0x0000000615580000, 0x0000000615580000)
  object space 13981184K, 99% used [0x00000002c0000000,0x0000000615575ac8,0x0000000615580000)
 Metaspace       used 7245K, capacity 7334K, committed 7552K, reserved 1056768K
  class space    used 874K, capacity 885K, committed 896K, reserved 1048576K
Event: 13.745 GC heap after
Heap after GC invocations=43 (full 22):
 PSYoungGen      total 4525568K, used 3169757K [0x0000000615580000, 0x00000007c0000000, 0x00000007c0000000)
  eden space 3181056K, 99% used [0x0000000615580000,0x00000006d6cf7500,0x00000006d7800000)
  from space 1344512K, 0% used [0x00000006d7800000,0x00000006d7800000,0x0000000729900000)
  to   space 1977856K, 0% used [0x0000000747480000,0x0000000747480000,0x00000007c0000000)
 ParOldGen       total 13981184K, used 13981142K [0x00000002c0000000, 0x0000000615580000, 0x0000000615580000)
  object space 13981184K, 99% used [0x00000002c0000000,0x0000000615575ac8,0x0000000615580000)
 Metaspace       used 7245K, capacity 7334K, committed 7552K, reserved 1056768K
  class space    used 874K, capacity 885K, committed 896K, reserved 1048576K
}
Event: 13.746 GC heap before
{Heap before GC invocations=44 (full 23):
 PSYoungGen      total 4525568K, used 3181056K [0x0000000615580000, 0x00000007c0000000, 0x00000007c0000000)
  eden space 3181056K, 100% used [0x0000000615580000,0x00000006d7800000,0x00000006d7800000)
  from space 1344512K, 0% used [0x00000006d7800000,0x00000006d7800000,0x0000000729900000)
  to   space 1977856K, 0% used [0x0000000747480000,0x0000000747480000,0x00000007c0000000)
 ParOldGen       total 13981184K, used 13981142K [0x00000002c0000000, 0x0000000615580000, 0x0000000615580000)
  object space 13981184K, 99% used [0x00000002c0000000,0x0000000615575ac8,0x0000000615580000)
 Metaspace       used 7245K, capacity 7334K, committed 7552K, reserved 1056768K
  class space    used 874K, capacity 885K, committed 896K, reserved 1048576K
Event: 13.926 GC heap after
Heap after GC invocations=44 (full 23):
 PSYoungGen      total 4525568K, used 3174523K [0x0000000615580000, 0x00000007c0000000, 0x00000007c0000000)
  eden space 3181056K, 99% used [0x0000000615580000,0x00000006d719ed70,0x00000006d7800000)
  from space 1344512K, 0% used [0x00000006d7800000,0x00000006d7800000,0x0000000729900000)
  to   space 1977856K, 0% used [0x0000000747480000,0x0000000747480000,0x00000007c0000000)
 ParOldGen       total 13981184K, used 13981142K [0x00000002c0000000, 0x0000000615580000, 0x0000000615580000)
  object space 13981184K, 99% used [0x00000002c0000000,0x0000000615575ac8,0x0000000615580000)
 Metaspace       used 7245K, capacity 7334K, committed 7552K, reserved 1056768K
  class space    used 874K, capacity 885K, committed 896K, reserved 1048576K
}
Event: 13.926 GC heap before
{Heap before GC invocations=45 (full 24):
 PSYoungGen      total 4525568K, used 3181056K [0x0000000615580000, 0x00000007c0000000, 0x00000007c0000000)
  eden space 3181056K, 100% used [0x0000000615580000,0x00000006d7800000,0x00000006d7800000)
  from space 1344512K, 0% used [0x00000006d7800000,0x00000006d7800000,0x0000000729900000)
  to   space 1977856K, 0% used [0x0000000747480000,0x0000000747480000,0x00000007c0000000)
 ParOldGen       total 13981184K, used 13981142K [0x00000002c0000000, 0x0000000615580000, 0x0000000615580000)
  object space 13981184K, 99% used [0x00000002c0000000,0x0000000615575ac8,0x0000000615580000)
 Metaspace       used 7245K, capacity 7334K, committed 7552K, reserved 1056768K
  class space    used 874K, capacity 885K, committed 896K, reserved 1048576K
Event: 14.109 GC heap after
Heap after GC invocations=45 (full 24):
 PSYoungGen      total 4525568K, used 3177242K [0x0000000615580000, 0x00000007c0000000, 0x00000007c0000000)
  eden space 3181056K, 99% used [0x0000000615580000,0x00000006d7446bb8,0x00000006d7800000)
  from space 1344512K, 0% used [0x00000006d7800000,0x00000006d7800000,0x0000000729900000)
  to   space 1977856K, 0% used [0x0000000747480000,0x0000000747480000,0x00000007c0000000)
 ParOldGen       total 13981184K, used 13981142K [0x00000002c0000000, 0x0000000615580000, 0x0000000615580000)
  object space 13981184K, 99% used [0x00000002c0000000,0x0000000615575ac8,0x0000000615580000)
 Metaspace       used 7245K, capacity 7334K, committed 7552K, reserved 1056768K
  class space    used 874K, capacity 885K, committed 896K, reserved 1048576K
}
Event: 14.110 GC heap before
{Heap before GC invocations=46 (full 25):
 PSYoungGen      total 4525568K, used 3181056K [0x0000000615580000, 0x00000007c0000000, 0x00000007c0000000)
  eden space 3181056K, 100% used [0x0000000615580000,0x00000006d7800000,0x00000006d7800000)
  from space 1344512K, 0% used [0x00000006d7800000,0x00000006d7800000,0x0000000729900000)
  to   space 1977856K, 0% used [0x0000000747480000,0x0000000747480000,0x00000007c0000000)
 ParOldGen       total 13981184K, used 13981142K [0x00000002c0000000, 0x0000000615580000, 0x0000000615580000)
  object space 13981184K, 99% used [0x00000002c0000000,0x0000000615575ac8,0x0000000615580000)
 Metaspace       used 7245K, capacity 7334K, committed 7552K, reserved 1056768K
  class space    used 874K, capacity 885K, committed 896K, reserved 1048576K

